Command line:
   Random_isim_beh.exe
     -simmode  gui
     -simrunnum  0
     -socket  64945

Fri Apr 29 12:58:23 2016


 Elaboration Time: 0.015625 sec

 Current Memory Usage: 361.665 Meg

 Total Signals          : 15
 Total Nets             : 19
 Total Signal Drivers   : 7
 Total Blocks           : 2
 Total Primitive Blocks : 2
 Total Processes        : 9
 Total Traceable Variables  : 19
 Total Scalar Nets and Variables : 103
Total Line Count : 17

 Total Simulation Time: 0.015625 sec

 Current Memory Usage: 361.665 Meg

Fri Apr 29 12:58:28 2016

